#
# A fatal error has been detected by the Java Runtime Environment:
#
#  SIGSEGV (0xb) at pc=0x0000000199289cd5, pid=4014, tid=4103
#
# JRE version: Java(TM) SE Runtime Environment (7.0_60-b07) (build 1.7.0_60-ea-b07)
# Java VM: Java HotSpot(TM) 64-Bit Server VM (24.60-b09 mixed mode bsd-amd64 compressed oops)
# Problematic frame:
# C  [liblwawt.dylib+0xdcd5]  JNI_OnLoad+0x8f
#
# Failed to write core dump. Core dumps have been disabled. To enable core dumping, try "ulimit -c unlimited" before starting Java again
#
# If you would like to submit a bug report, please visit:
#   http://bugreport.sun.com/bugreport/crash.jsp
# The crash happened outside the Java Virtual Machine in native code.
# See problematic frame for where to report the bug.
#

---------------  T H R E A D  ---------------

Current thread (0x00007fec13000800):  JavaThread "main" [_thread_in_native, id=4103, stack(0x00007fff55ffb000,0x00007fff567fb000)]

siginfo:si_signo=SIGSEGV: si_errno=0, si_code=1 (SEGV_MAPERR), si_addr=0x0000000000000000

Registers:
RAX=0x00000001993cb1d0, RBX=0x0000000000000000, RCX=0x00000001992c59ba, RDX=0x00007fec10c11160
RSP=0x00007fff567f76e0, RBP=0x00007fff567f7760, RSI=0x00007fff567f76c4, RDI=0x0000000000000000
R8 =0x00007fec10c111d8, R9 =0x00000000fffffff0, R10=0x00000001994c2b90, R11=0x00000001994ae860
R12=0x00007fec10c2ca40, R13=0x0000000199289c46, R14=0x0000000109c9c2f8, R15=0x00007fec10c2c8d0
RIP=0x0000000199289cd5, EFLAGS=0x0000000000010206, ERR=0x0000000000000004
  TRAPNO=0x000000000000000e

Top of Stack: (sp=0x00007fff567f76e0)
0x00007fff567f76e0:   00007fff7925b200 0000000000000000
0x00007fff567f76f0:   00007fff567f7730 00007fff9191c165
0x00007fff567f7700:   000000019930651e 0001206810c2cfe0
0x00007fff567f7710:   0000980000009800 0000000199289c46
0x00007fff567f7720:   000000010a1bf46a 00007fec10c2c8d0
0x00007fff567f7730:   00007fff567f7760 00007fff8f8d7e82
0x00007fff567f7740:   20b184f4034fa220 00007fff567f7948
0x00007fff567f7750:   00007fec130009e8 00007fec10c2c8d0
0x00007fff567f7760:   00007fff567f78c0 000000010a1a65c5
0x00007fff567f7770:   00007fec11c01168 00007fff567f7940
0x00007fff567f7780:   0000000109c9c2f8 000000010a1bf46a
0x00007fff567f7790:   00007fec11c01168 00007fec11c01170
0x00007fff567f77a0:   00007fff567f7850 00000001097e169a
0x00007fff567f77b0:   00007fff567f7860 0000000167be3918
0x00007fff567f77c0:   000000010a205383 000000010a1ed310
0x00007fff567f77d0:   0000000100000000 00007fff567f78c0
0x00007fff567f77e0:   0000000000000055 00007fff567f77e8
0x00007fff567f77f0:   000000010d386f38 00007fff567f0168
0x00007fff567f7800:   000000010d429138 00007fff567f77b8
0x00007fff567f7810:   00007fff567f77f9 0000000000000001
0x00007fff567f7820:   00007fff567f7820 000000010d43a3b0
0x00007fff567f7830:   00007fff567f7878 000000010d4413f8
0x00007fff567f7840:   0000000000000000 000000010d43a3c8
0x00007fff567f7850:   0000000000000000 00007fff567f7870
0x00007fff567f7860:   0000000000000000 0000000167be3918
0x00007fff567f7870:   0000000000000000 0000000167a84f40
0x00007fff567f7880:   0000000000000001 0000000000000000
0x00007fff567f7890:   20b184f4034fa220 000000010d522690
0x00007fff567f78a0:   0000000000000000 000000010d522690
0x00007fff567f78b0:   00007fff567f7948 00007fec13000800
0x00007fff567f78c0:   00007fff567f7920 000000010a1fa698
0x00007fff567f78d0:   00007fff567f7930 000000010a1ee058 

Instructions: (pc=0x0000000199289cd5)
0x0000000199289cb5:   c0 e8 9d 75 03 00 4c 89 f7 e8 35 6f 03 00 48 c7
0x0000000199289cc5:   45 88 00 00 00 00 48 8b 05 5e 37 06 00 48 8b 38
0x0000000199289cd5:   48 8b 07 48 8d 75 88 ba 04 00 01 00 ff 50 30 85
0x0000000199289ce5:   c0 75 07 48 83 7d 88 00 75 51 48 8b 35 22 b9 06 

Register to memory mapping:

RAX=0x00000001993cb1d0: jvm+0 in /Library/Java/JavaVirtualMachines/jdk1.7.0_60.jdk/Contents/Home/jre/lib/./libawt.dylib at 0x0000000199330000
RBX=0x0000000000000000 is an unknown value
RCX=0x00000001992c59ba: sDefaultImageInfo+0x2d5a in /Library/Java/JavaVirtualMachines/jdk1.7.0_60.jdk/Contents/Home/jre/lib/lwawt/liblwawt.dylib at 0x000000019927c000
RDX=0x00007fec10c11160 is an unknown value
RSP=0x00007fff567f76e0 is pointing into the stack for thread: 0x00007fec13000800
RBP=0x00007fff567f7760 is pointing into the stack for thread: 0x00007fec13000800
RSI=0x00007fff567f76c4 is pointing into the stack for thread: 0x00007fec13000800
RDI=0x0000000000000000 is an unknown value
R8 =0x00007fec10c111d8 is an unknown value
R9 =0x00000000fffffff0 is an unknown value
R10=0x00000001994c2b90: appKitEnv+0x19a0 in /Library/Java/JavaVirtualMachines/jdk1.7.0_60.jdk/Contents/Home/jre/lib/./libosxapp.dylib at 0x00000001994ab000
R11=0x00000001994ae860: OSXAPP_SetJavaVM+0 in /Library/Java/JavaVirtualMachines/jdk1.7.0_60.jdk/Contents/Home/jre/lib/./libosxapp.dylib at 0x00000001994ab000
R12=0x00007fec10c2ca40 is an unknown value
R13=0x0000000199289c46: JNI_OnLoad+0 in /Library/Java/JavaVirtualMachines/jdk1.7.0_60.jdk/Contents/Home/jre/lib/lwawt/liblwawt.dylib at 0x000000019927c000
R14=0x0000000109c9c2f8: main_vm+0 in /Library/Java/JavaVirtualMachines/jdk1.7.0_60.jdk/Contents/Home/jre/lib/server/libjvm.dylib at 0x0000000109532000
R15=0x00007fec10c2c8d0 is an unknown value


Stack: [0x00007fff55ffb000,0x00007fff567fb000],  sp=0x00007fff567f76e0,  free space=8177k
Native frames: (J=compiled Java code, j=interpreted, Vv=VM code, C=native code)
C  [liblwawt.dylib+0xdcd5]  JNI_OnLoad+0x8f
C  [libjava.dylib+0x15c5]  Java_java_lang_ClassLoader_00024NativeLibrary_load+0xcf
j  java.lang.ClassLoader$NativeLibrary.load(Ljava/lang/String;)V+0
j  java.lang.ClassLoader.loadLibrary1(Ljava/lang/Class;Ljava/io/File;)Z+302
j  java.lang.ClassLoader.loadLibrary0(Ljava/lang/Class;Ljava/io/File;)Z+2
j  java.lang.ClassLoader.loadLibrary(Ljava/lang/Class;Ljava/lang/String;Z)V+217
j  java.lang.Runtime.loadLibrary0(Ljava/lang/Class;Ljava/lang/String;)V+54
j  java.lang.System.loadLibrary(Ljava/lang/String;)V+7
j  com.taskpad.launcher.TaskPadMain.main([Ljava/lang/String;)V+2
v  ~StubRoutines::call_stub
V  [libjvm.dylib+0x2d9bf0]  JavaCalls::call_helper(JavaValue*, methodHandle*, JavaCallArguments*, Thread*)+0x22a
V  [libjvm.dylib+0x2d99c0]  JavaCalls::call(JavaValue*, methodHandle, JavaCallArguments*, Thread*)+0x28
V  [libjvm.dylib+0x30d12a]  jni_invoke_static(JNIEnv_*, JavaValue*, _jobject*, JNICallType, _jmethodID*, JNI_ArgumentPusher*, Thread*)+0xe6
V  [libjvm.dylib+0x3062c5]  jni_CallStaticVoidMethod+0x10b
C  [java+0x30fe]  JavaMain+0x91d
C  [java+0x652c]  -[JavaLaunchHelper launchJava:]+0x2a
C  [Foundation+0x935ca]  __NSThreadPerformPerform+0xe1
C  [CoreFoundation+0x12b31]  __CFRUNLOOP_IS_CALLING_OUT_TO_A_SOURCE0_PERFORM_FUNCTION__+0x11
C  [CoreFoundation+0x12455]  __CFRunLoopDoSources0+0xf5
C  [CoreFoundation+0x357f5]  __CFRunLoopRun+0x315
C  [CoreFoundation+0x350e2]  CFRunLoopRunSpecific+0x122
C  [java+0x73b0]  CreateExecutionEnvironment+0x367
C  [java+0x1b5c]  JLI_Launch+0x7a0
C  [java+0x770d]  main+0x65
C  [java+0x13b4]  start+0x34

Java frames: (J=compiled Java code, j=interpreted, Vv=VM code)
j  java.lang.ClassLoader$NativeLibrary.load(Ljava/lang/String;)V+0
j  java.lang.ClassLoader.loadLibrary1(Ljava/lang/Class;Ljava/io/File;)Z+302
j  java.lang.ClassLoader.loadLibrary0(Ljava/lang/Class;Ljava/io/File;)Z+2
j  java.lang.ClassLoader.loadLibrary(Ljava/lang/Class;Ljava/lang/String;Z)V+217
j  java.lang.Runtime.loadLibrary0(Ljava/lang/Class;Ljava/lang/String;)V+54
j  java.lang.System.loadLibrary(Ljava/lang/String;)V+7
j  com.taskpad.launcher.TaskPadMain.main([Ljava/lang/String;)V+2
v  ~StubRoutines::call_stub

---------------  P R O C E S S  ---------------

Java Threads: ( => current thread )
  0x00007fec1104d000 JavaThread "Service Thread" daemon [_thread_blocked, id=18947, stack(0x000000019902a000,0x000000019912a000)]
  0x00007fec1104c000 JavaThread "C2 CompilerThread1" daemon [_thread_blocked, id=18435, stack(0x0000000198f27000,0x0000000199027000)]
  0x00007fec1104a800 JavaThread "C2 CompilerThread0" daemon [_thread_blocked, id=17923, stack(0x0000000198e24000,0x0000000198f24000)]
  0x00007fec11045800 JavaThread "Signal Dispatcher" daemon [_thread_blocked, id=17411, stack(0x0000000198d21000,0x0000000198e21000)]
  0x00007fec13043000 JavaThread "Finalizer" daemon [_thread_blocked, id=14851, stack(0x0000000198bd8000,0x0000000198cd8000)]
  0x00007fec11029800 JavaThread "Reference Handler" daemon [_thread_blocked, id=14339, stack(0x0000000198ad5000,0x0000000198bd5000)]
=>0x00007fec13000800 JavaThread "main" [_thread_in_native, id=4103, stack(0x00007fff55ffb000,0x00007fff567fb000)]

Other Threads:
  0x00007fec11027000 VMThread [stack: 0x00000001989d2000,0x0000000198ad2000] [id=13827]
  0x00007fec11031000 WatcherThread [stack: 0x000000019912d000,0x000000019922d000] [id=19459]

VM state:not at safepoint (normal execution)

VM Mutex/Monitor currently owned by a thread: None

Heap
 PSYoungGen      total 38912K, used 2051K [0x0000000167a80000, 0x000000016a580000, 0x0000000192580000)
  eden space 33792K, 6% used [0x0000000167a80000,0x0000000167c80f50,0x0000000169b80000)
  from space 5120K, 0% used [0x000000016a080000,0x000000016a080000,0x000000016a580000)
  to   space 5120K, 0% used [0x0000000169b80000,0x0000000169b80000,0x000000016a080000)
 ParOldGen       total 87040K, used 0K [0x0000000112580000, 0x0000000117a80000, 0x0000000167a80000)
  object space 87040K, 0% used [0x0000000112580000,0x0000000112580000,0x0000000117a80000)
 PSPermGen       total 21504K, used 2570K [0x000000010d380000, 0x000000010e880000, 0x0000000112580000)
  object space 21504K, 11% used [0x000000010d380000,0x000000010d602bf8,0x000000010e880000)

Card table byte_map: [0x0000000192580000,0x00000001929aa000] byte_map_base: 0x0000000191d16400

Polling page: 0x000000010a1d5000

Code Cache  [0x000000010a1e8000, 0x000000010a458000, 0x000000010d1e8000)
 total_blobs=184 nmethods=3 adapters=136 free_code_cache=48766Kb largest_free_block=49921088

Compilation events (6 events):
Event: 0.068 Thread 0x00007fec1104a800    1             java.lang.String::hashCode (55 bytes)
Event: 0.078 Thread 0x00007fec1104a800 nmethod 1 0x000000010a246f50 code [0x000000010a2470a0, 0x000000010a247218]
Event: 0.085 Thread 0x00007fec1104c000    2             java.lang.String::indexOf (70 bytes)
Event: 0.087 Thread 0x00007fec1104c000 nmethod 2 0x000000010a246b50 code [0x000000010a246ca0, 0x000000010a246e48]
Event: 0.088 Thread 0x00007fec1104a800    3             sun.nio.cs.UTF_8$Encoder::encode (361 bytes)
Event: 0.098 Thread 0x00007fec1104a800 nmethod 3 0x000000010a249dd0 code [0x000000010a249f40, 0x000000010a24a468]

GC Heap History (0 events):
No events

Deoptimization events (0 events):
No events

Internal exceptions (10 events):
Event: 0.088 Thread 0x00007fec13000800 Threw 0x0000000167b1f9d8 at /HUDSON/workspace/jdk7u40-2-build-macosx-amd64-product/jdk7u40/hotspot/src/share/vm/prims/jni.cpp:717
Event: 0.088 Thread 0x00007fec13000800 Threw 0x0000000167b1faf8 at /HUDSON/workspace/jdk7u40-2-build-macosx-amd64-product/jdk7u40/hotspot/src/share/vm/prims/jvm.cpp:1244
Event: 0.088 Thread 0x00007fec13000800 Threw 0x0000000167b1fc20 at /HUDSON/workspace/jdk7u40-2-build-macosx-amd64-product/jdk7u40/hotspot/src/share/vm/prims/jvm.cpp:1244
Event: 0.090 Thread 0x00007fec13000800 Threw 0x0000000167b208e0 at /HUDSON/workspace/jdk7u40-2-build-macosx-amd64-product/jdk7u40/hotspot/src/share/vm/prims/jni.cpp:717
Event: 0.090 Thread 0x00007fec13000800 Threw 0x0000000167b20a00 at /HUDSON/workspace/jdk7u40-2-build-macosx-amd64-product/jdk7u40/hotspot/src/share/vm/prims/jvm.cpp:1244
Event: 0.090 Thread 0x00007fec13000800 Threw 0x0000000167b20b28 at /HUDSON/workspace/jdk7u40-2-build-macosx-amd64-product/jdk7u40/hotspot/src/share/vm/prims/jvm.cpp:1244
Event: 0.094 Thread 0x00007fec13000800 Threw 0x0000000167bdd2d8 at /HUDSON/workspace/jdk7u40-2-build-macosx-amd64-product/jdk7u40/hotspot/src/share/vm/prims/jni.cpp:717
Event: 0.094 Thread 0x00007fec13000800 Threw 0x0000000167bdd3f8 at /HUDSON/workspace/jdk7u40-2-build-macosx-amd64-product/jdk7u40/hotspot/src/share/vm/prims/jvm.cpp:1244
Event: 0.094 Thread 0x00007fec13000800 Threw 0x0000000167bdd520 at /HUDSON/workspace/jdk7u40-2-build-macosx-amd64-product/jdk7u40/hotspot/src/share/vm/prims/jvm.cpp:1244
Event: 0.094 Thread 0x00007fec13000800 Threw 0x0000000167bdd770 at /HUDSON/workspace/jdk7u40-2-build-macosx-amd64-product/jdk7u40/hotspot/src/share/vm/prims/jvm.cpp:1244

Events (10 events):
Event: 0.097 loading class 0x00007fec130e15d0
Event: 0.097 loading class 0x00007fec130e15d0 done
Event: 0.097 loading class 0x00007fec130df1d0
Event: 0.097 loading class 0x00007fec130df1d0 done
Event: 0.097 loading class 0x00007fec130df200
Event: 0.097 loading class 0x00007fec130df200 done
Event: 0.097 loading class 0x0000000197766db0
Event: 0.097 loading class 0x0000000197766db0 done
Event: 0.098 loading class 0x000000019774fcd0
Event: 0.098 loading class 0x000000019774fcd0 done


Dynamic libraries:
0x00000000083fb000 	/System/Library/Frameworks/Cocoa.framework/Versions/A/Cocoa
0x00000000083fb000 	/System/Library/Frameworks/Security.framework/Versions/A/Security
0x00000000083fb000 	/System/Library/Frameworks/ApplicationServices.framework/Versions/A/ApplicationServices
0x00000000083fb000 	/usr/lib/libz.1.dylib
0x00000000083fb000 	/usr/lib/libSystem.B.dylib
0x00000000083fb000 	/usr/lib/libobjc.A.dylib
0x00000000083fb000 	/System/Library/Frameworks/CoreFoundation.framework/Versions/A/CoreFoundation
0x00000000083fb000 	/System/Library/Frameworks/Foundation.framework/Versions/C/Foundation
0x00000000083fb000 	/System/Library/Frameworks/AppKit.framework/Versions/C/AppKit
0x00000000083fb000 	/System/Library/Frameworks/CoreData.framework/Versions/A/CoreData
0x00000000083fb000 	/System/Library/PrivateFrameworks/RemoteViewServices.framework/Versions/A/RemoteViewServices
0x00000000083fb000 	/System/Library/Frameworks/AudioToolbox.framework/Versions/A/AudioToolbox
0x00000000083fb000 	/System/Library/Frameworks/AudioUnit.framework/Versions/A/AudioUnit
0x00000000083fb000 	/System/Library/PrivateFrameworks/DataDetectorsCore.framework/Versions/A/DataDetectorsCore
0x00000000083fb000 	/System/Library/PrivateFrameworks/DesktopServicesPriv.framework/Versions/A/DesktopServicesPriv
0x00000000083fb000 	/System/Library/Frameworks/Carbon.framework/Versions/A/Frameworks/HIToolbox.framework/Versions/A/HIToolbox
0x00000000083fb000 	/System/Library/Frameworks/QuartzCore.framework/Versions/A/QuartzCore
0x00000000083fb000 	/System/Library/Frameworks/Carbon.framework/Versions/A/Frameworks/SpeechRecognition.framework/Versions/A/SpeechRecognition
0x00000000083fb000 	/usr/lib/libauto.dylib
0x00000000083fb000 	/usr/lib/libicucore.A.dylib
0x00000000083fb000 	/usr/lib/libxml2.2.dylib
0x00000000083fb000 	/System/Library/PrivateFrameworks/CoreUI.framework/Versions/A/CoreUI
0x00000000083fb000 	/System/Library/Frameworks/CoreAudio.framework/Versions/A/CoreAudio
0x00000000083fb000 	/System/Library/Frameworks/DiskArbitration.framework/Versions/A/DiskArbitration
0x00000000083fb000 	/usr/lib/liblangid.dylib
0x00000000083fb000 	/System/Library/PrivateFrameworks/MultitouchSupport.framework/Versions/A/MultitouchSupport
0x00000000083fb000 	/System/Library/Frameworks/IOKit.framework/Versions/A/IOKit
0x00000000083fb000 	/usr/lib/libDiagnosticMessagesClient.dylib
0x00000000083fb000 	/System/Library/Frameworks/CoreServices.framework/Versions/A/CoreServices
0x00000000083fb000 	/System/Library/PrivateFrameworks/PerformanceAnalysis.framework/Versions/A/PerformanceAnalysis
0x00000000083fb000 	/System/Library/PrivateFrameworks/GenerationalStorage.framework/Versions/A/GenerationalStorage
0x00000000083fb000 	/System/Library/Frameworks/OpenGL.framework/Versions/A/OpenGL
0x00000000083fb000 	/System/Library/Frameworks/CoreText.framework/Versions/A/CoreText
0x00000000083fb000 	/System/Library/Frameworks/ImageIO.framework/Versions/A/ImageIO
0x00000000083fb000 	/System/Library/PrivateFrameworks/Backup.framework/Versions/A/Backup
0x00000000083fb000 	/System/Library/Frameworks/CFNetwork.framework/Versions/A/CFNetwork
0x00000000083fb000 	/System/Library/Frameworks/SystemConfiguration.framework/Versions/A/SystemConfiguration
0x00000000083fb000 	/usr/lib/libCRFSuite.dylib
0x00000000083fb000 	/System/Library/PrivateFrameworks/TCC.framework/Versions/A/TCC
0x00000000083fb000 	/usr/lib/libc++.1.dylib
0x00000000083fb000 	/usr/lib/libc++abi.dylib
0x00000000083fb000 	/usr/lib/system/libcache.dylib
0x00000000083fb000 	/usr/lib/system/libcommonCrypto.dylib
0x00000000083fb000 	/usr/lib/system/libcompiler_rt.dylib
0x00000000083fb000 	/usr/lib/system/libcopyfile.dylib
0x00000000083fb000 	/usr/lib/system/libdispatch.dylib
0x00000000083fb000 	/usr/lib/system/libdnsinfo.dylib
0x00000000083fb000 	/usr/lib/system/libdyld.dylib
0x00000000083fb000 	/usr/lib/system/libkeymgr.dylib
0x00000000083fb000 	/usr/lib/system/liblaunch.dylib
0x00000000083fb000 	/usr/lib/system/libmacho.dylib
0x00000000083fb000 	/usr/lib/system/libquarantine.dylib
0x00000000083fb000 	/usr/lib/system/libremovefile.dylib
0x00000000083fb000 	/usr/lib/system/libsystem_blocks.dylib
0x00000000083fb000 	/usr/lib/system/libsystem_c.dylib
0x00000000083fb000 	/usr/lib/system/libsystem_dnssd.dylib
0x00000000083fb000 	/usr/lib/system/libsystem_info.dylib
0x00000000083fb000 	/usr/lib/system/libsystem_kernel.dylib
0x00000000083fb000 	/usr/lib/system/libsystem_m.dylib
0x00000000083fb000 	/usr/lib/system/libsystem_network.dylib
0x00000000083fb000 	/usr/lib/system/libsystem_notify.dylib
0x00000000083fb000 	/usr/lib/system/libsystem_sandbox.dylib
0x00000000083fb000 	/usr/lib/system/libunc.dylib
0x00000000083fb000 	/usr/lib/system/libunwind.dylib
0x00000000083fb000 	/usr/lib/system/libxpc.dylib
0x00000000083fb000 	/usr/lib/system/libcorecrypto.dylib
0x00000000083fb000 	/usr/lib/libstdc++.6.dylib
0x00000000083fb000 	/usr/lib/libbsm.0.dylib
0x00000000083fb000 	/usr/lib/libsqlite3.dylib
0x00000000083fb000 	/usr/lib/libxar.1.dylib
0x00000000083fb000 	/usr/lib/libpam.2.dylib
0x00000000083fb000 	/usr/lib/libOpenScriptingUtil.dylib
0x00000000083fb000 	/usr/lib/libbz2.1.0.dylib
0x00000000083fb000 	/System/Library/Frameworks/CoreServices.framework/Versions/A/Frameworks/CarbonCore.framework/Versions/A/CarbonCore
0x00000000083fb000 	/System/Library/Frameworks/CoreServices.framework/Versions/A/Frameworks/Metadata.framework/Versions/A/Metadata
0x00000000083fb000 	/System/Library/Frameworks/CoreServices.framework/Versions/A/Frameworks/OSServices.framework/Versions/A/OSServices
0x00000000083fb000 	/System/Library/Frameworks/CoreServices.framework/Versions/A/Frameworks/SearchKit.framework/Versions/A/SearchKit
0x00000000083fb000 	/System/Library/Frameworks/CoreServices.framework/Versions/A/Frameworks/AE.framework/Versions/A/AE
0x00000000083fb000 	/System/Library/Frameworks/CoreServices.framework/Versions/A/Frameworks/LaunchServices.framework/Versions/A/LaunchServices
0x00000000083fb000 	/System/Library/Frameworks/CoreServices.framework/Versions/A/Frameworks/DictionaryServices.framework/Versions/A/DictionaryServices
0x00000000083fb000 	/System/Library/Frameworks/NetFS.framework/Versions/A/NetFS
0x00000000083fb000 	/usr/lib/system/libkxld.dylib
0x00000000083fb000 	/System/Library/PrivateFrameworks/NetAuth.framework/Versions/A/NetAuth
0x00000000083fb000 	/System/Library/Frameworks/OpenDirectory.framework/Versions/A/Frameworks/CFOpenDirectory.framework/Versions/A/CFOpenDirectory
0x00000000083fb000 	/usr/lib/libxslt.1.dylib
0x00000000083fb000 	/System/Library/PrivateFrameworks/FamilyControls.framework/Versions/A/FamilyControls
0x00000000083fb000 	/System/Library/Frameworks/Carbon.framework/Versions/A/Frameworks/Ink.framework/Versions/A/Ink
0x00000000083fb000 	/System/Library/Frameworks/ApplicationServices.framework/Versions/A/Frameworks/CoreGraphics.framework/Versions/A/CoreGraphics
0x00000000083fb000 	/System/Library/Frameworks/ApplicationServices.framework/Versions/A/Frameworks/ATS.framework/Versions/A/ATS
0x00000000083fb000 	/System/Library/Frameworks/ApplicationServices.framework/Versions/A/Frameworks/ColorSync.framework/Versions/A/ColorSync
0x00000000083fb000 	/System/Library/Frameworks/ApplicationServices.framework/Versions/A/Frameworks/HIServices.framework/Versions/A/HIServices
0x00000000083fb000 	/System/Library/Frameworks/ApplicationServices.framework/Versions/A/Frameworks/LangAnalysis.framework/Versions/A/LangAnalysis
0x00000000083fb000 	/System/Library/Frameworks/ApplicationServices.framework/Versions/A/Frameworks/PrintCore.framework/Versions/A/PrintCore
0x00000000083fb000 	/System/Library/Frameworks/ApplicationServices.framework/Versions/A/Frameworks/QD.framework/Versions/A/QD
0x00000000083fb000 	/System/Library/Frameworks/ApplicationServices.framework/Versions/A/Frameworks/SpeechSynthesis.framework/Versions/A/SpeechSynthesis
0x00000000083fb000 	/System/Library/Frameworks/IOSurface.framework/Versions/A/IOSurface
0x00000000083fb000 	/System/Library/Frameworks/Accelerate.framework/Versions/A/Accelerate
0x00000000083fb000 	/System/Library/Frameworks/ApplicationServices.framework/Versions/A/Frameworks/ATS.framework/Versions/A/Resources/libFontParser.dylib
0x00000000083fb000 	/System/Library/Frameworks/ApplicationServices.framework/Versions/A/Frameworks/ATS.framework/Versions/A/Resources/libFontRegistry.dylib
0x00000000083fb000 	/System/Library/Frameworks/Accelerate.framework/Versions/A/Frameworks/vImage.framework/Versions/A/vImage
0x00000000083fb000 	/System/Library/Frameworks/Accelerate.framework/Versions/A/Frameworks/vecLib.framework/Versions/A/vecLib
0x00000000083fb000 	/System/Library/Frameworks/Accelerate.framework/Versions/A/Frameworks/vecLib.framework/Versions/A/libvDSP.dylib
0x00000000083fb000 	/System/Library/Frameworks/Accelerate.framework/Versions/A/Frameworks/vecLib.framework/Versions/A/libvMisc.dylib
0x00000000083fb000 	/System/Library/Frameworks/Accelerate.framework/Versions/A/Frameworks/vecLib.framework/Versions/A/libLAPACK.dylib
0x00000000083fb000 	/System/Library/Frameworks/Accelerate.framework/Versions/A/Frameworks/vecLib.framework/Versions/A/libBLAS.dylib
0x00000000083fb000 	/System/Library/Frameworks/ImageIO.framework/Versions/A/Resources/libJPEG.dylib
0x00000000083fb000 	/System/Library/Frameworks/ImageIO.framework/Versions/A/Resources/libTIFF.dylib
0x00000000083fb000 	/System/Library/Frameworks/ImageIO.framework/Versions/A/Resources/libPng.dylib
0x00000000083fb000 	/System/Library/Frameworks/ImageIO.framework/Versions/A/Resources/libGIF.dylib
0x00000000083fb000 	/System/Library/Frameworks/ImageIO.framework/Versions/A/Resources/libJP2.dylib
0x00000000083fb000 	/System/Library/Frameworks/ImageIO.framework/Versions/A/Resources/libRadiance.dylib
0x00000000083fb000 	/usr/lib/libcups.2.dylib
0x00000000083fb000 	/System/Library/Frameworks/Kerberos.framework/Versions/A/Kerberos
0x00000000083fb000 	/System/Library/Frameworks/GSS.framework/Versions/A/GSS
0x00000000083fb000 	/usr/lib/libresolv.9.dylib
0x00000000083fb000 	/usr/lib/libiconv.2.dylib
0x00000000083fb000 	/System/Library/PrivateFrameworks/Heimdal.framework/Versions/A/Heimdal
0x00000000083fb000 	/System/Library/PrivateFrameworks/TrustEvaluationAgent.framework/Versions/A/TrustEvaluationAgent
0x00000000083fb000 	/System/Library/Frameworks/OpenDirectory.framework/Versions/A/OpenDirectory
0x00000000083fb000 	/System/Library/PrivateFrameworks/CommonAuth.framework/Versions/A/CommonAuth
0x00000000083fb000 	/System/Library/PrivateFrameworks/Bom.framework/Versions/A/Bom
0x00000000083fb000 	/System/Library/Frameworks/CoreVideo.framework/Versions/A/CoreVideo
0x00000000083fb000 	/System/Library/Frameworks/QuartzCore.framework/Versions/A/Frameworks/CoreImage.framework/Versions/A/CoreImage
0x00000000083fb000 	/System/Library/Frameworks/QuartzCore.framework/Versions/A/Frameworks/ScalableUserInterface.framework/Versions/A/ScalableUserInterface
0x00000000083fb000 	/System/Library/Frameworks/OpenGL.framework/Versions/A/Libraries/libGLU.dylib
0x00000000083fb000 	/System/Library/Frameworks/OpenGL.framework/Versions/A/Libraries/libGFXShared.dylib
0x00000000083fb000 	/System/Library/Frameworks/OpenGL.framework/Versions/A/Libraries/libGL.dylib
0x00000000083fb000 	/System/Library/Frameworks/OpenGL.framework/Versions/A/Libraries/libGLImage.dylib
0x00000000083fb000 	/System/Library/Frameworks/OpenGL.framework/Versions/A/Libraries/libCVMSPluginSupport.dylib
0x00000000083fb000 	/System/Library/Frameworks/OpenGL.framework/Versions/A/Libraries/libCoreVMClient.dylib
0x00000000083fb000 	/System/Library/PrivateFrameworks/CrashReporterSupport.framework/Versions/A/CrashReporterSupport
0x00000000083fb000 	/System/Library/Frameworks/OpenCL.framework/Versions/A/OpenCL
0x00000000083fb000 	/System/Library/PrivateFrameworks/FaceCoreLight.framework/Versions/A/FaceCoreLight
0x00000000083fb000 	/System/Library/PrivateFrameworks/AppleFSCompression.framework/Versions/A/AppleFSCompression
0x00000000083fb000 	/System/Library/PrivateFrameworks/Ubiquity.framework/Versions/A/Ubiquity
0x00000000083fb000 	/System/Library/Frameworks/ServiceManagement.framework/Versions/A/ServiceManagement
0x00000000083fb000 	/System/Library/PrivateFrameworks/ChunkingLibrary.framework/Versions/A/ChunkingLibrary
0x00000000083fb000 	/System/Library/Frameworks/vecLib.framework/Versions/A/vecLib
0x00000000083fb000 	/System/Library/Frameworks/SecurityFoundation.framework/Versions/A/SecurityFoundation
0x00000000083fb000 	/System/Library/PrivateFrameworks/CommerceKit.framework/Versions/A/Frameworks/CommerceCore.framework/Versions/A/CommerceCore
0x00000000083fb000 	/System/Library/PrivateFrameworks/CoreSymbolication.framework/Versions/A/CoreSymbolication
0x00000000083fb000 	/System/Library/PrivateFrameworks/Symbolication.framework/Versions/A/Symbolication
0x00000000083fb000 	/System/Library/PrivateFrameworks/DebugSymbols.framework/Versions/A/DebugSymbols
0x0000000109532000 	/Library/Java/JavaVirtualMachines/jdk1.7.0_60.jdk/Contents/Home/jre/lib/server/libjvm.dylib
0x000000010a198000 	/Library/Java/JavaVirtualMachines/jdk1.7.0_60.jdk/Contents/Home/jre/lib/libverify.dylib
0x000000010a1a5000 	/Library/Java/JavaVirtualMachines/jdk1.7.0_60.jdk/Contents/Home/jre/lib/libjava.dylib
0x000000010a1df000 	/Library/Java/JavaVirtualMachines/jdk1.7.0_60.jdk/Contents/Home/jre/lib/libzip.dylib
0x0000000198cda000 	/System/Library/Frameworks/JavaVM.framework/Frameworks/JavaRuntimeSupport.framework/JavaRuntimeSupport
0x0000000198cf2000 	/System/Library/Frameworks/JavaVM.framework/Versions/A/Frameworks/JavaNativeFoundation.framework/Versions/A/JavaNativeFoundation
0x0000000198d07000 	/System/Library/Frameworks/JavaVM.framework/Versions/A/JavaVM
0x00000000083fb000 	/System/Library/Frameworks/Carbon.framework/Versions/A/Carbon
0x0000000198d14000 	/System/Library/PrivateFrameworks/JavaLaunching.framework/Versions/A/JavaLaunching
0x00000000083fb000 	/System/Library/Frameworks/Carbon.framework/Versions/A/Frameworks/CommonPanels.framework/Versions/A/CommonPanels
0x00000000083fb000 	/System/Library/Frameworks/Carbon.framework/Versions/A/Frameworks/Help.framework/Versions/A/Help
0x00000000083fb000 	/System/Library/Frameworks/Carbon.framework/Versions/A/Frameworks/ImageCapture.framework/Versions/A/ImageCapture
0x00000000083fb000 	/System/Library/Frameworks/Carbon.framework/Versions/A/Frameworks/OpenScripting.framework/Versions/A/OpenScripting
0x00000000083fb000 	/System/Library/Frameworks/Carbon.framework/Versions/A/Frameworks/Print.framework/Versions/A/Print
0x00000000083fb000 	/System/Library/Frameworks/Carbon.framework/Versions/A/Frameworks/SecurityHI.framework/Versions/A/SecurityHI
0x0000000199279000 	/Library/Java/JavaVirtualMachines/jdk1.7.0_60.jdk/Contents/Home/jre/lib/libjawt.dylib
0x000000019927c000 	/Library/Java/JavaVirtualMachines/jdk1.7.0_60.jdk/Contents/Home/jre/lib/lwawt/liblwawt.dylib
0x0000000199330000 	/Library/Java/JavaVirtualMachines/jdk1.7.0_60.jdk/Contents/Home/jre/lib/./libawt.dylib
0x00000001993df000 	/Library/Java/JavaVirtualMachines/jdk1.7.0_60.jdk/Contents/Home/jre/lib/./libmlib_image.dylib
0x00000001994ab000 	/Library/Java/JavaVirtualMachines/jdk1.7.0_60.jdk/Contents/Home/jre/lib/./libosxapp.dylib
0x00000001994c5000 	/System/Library/Frameworks/ExceptionHandling.framework/Versions/A/ExceptionHandling

VM Arguments:
jvm_args: -Dfile.encoding=UTF-8 
java_command: com.taskpad.launcher.TaskPadMain
Launcher Type: SUN_STANDARD

Environment Variables:
PATH=/usr/bin:/bin:/usr/sbin:/sbin
SHELL=/bin/bash

Signal Handlers:
SIGSEGV: [libjvm.dylib+0x528ced], sa_mask[0]=0xfffefeff, sa_flags=0x00000043
SIGBUS: [libjvm.dylib+0x528ced], sa_mask[0]=0xfffefeff, sa_flags=0x00000042
SIGFPE: [libjvm.dylib+0x41ba0a], sa_mask[0]=0xfffefeff, sa_flags=0x00000042
SIGPIPE: [libjvm.dylib+0x41ba0a], sa_mask[0]=0xfffefeff, sa_flags=0x00000042
SIGXFSZ: [libjvm.dylib+0x41ba0a], sa_mask[0]=0xfffefeff, sa_flags=0x00000042
SIGILL: [libjvm.dylib+0x41ba0a], sa_mask[0]=0xfffefeff, sa_flags=0x00000042
SIGUSR1: SIG_DFL, sa_mask[0]=0x00000000, sa_flags=0x00000002
SIGUSR2: [libjvm.dylib+0x41b4fc], sa_mask[0]=0x00000004, sa_flags=0x00000042
SIGHUP: [libjvm.dylib+0x41978b], sa_mask[0]=0xfffefeff, sa_flags=0x00000042
SIGINT: [libjvm.dylib+0x41978b], sa_mask[0]=0xfffefeff, sa_flags=0x00000042
SIGTERM: [libjvm.dylib+0x41978b], sa_mask[0]=0xfffefeff, sa_flags=0x00000042
SIGQUIT: [libjvm.dylib+0x41978b], sa_mask[0]=0xfffefeff, sa_flags=0x00000042


---------------  S Y S T E M  ---------------

OS:Bsduname:Darwin 12.5.0 Darwin Kernel Version 12.5.0: Sun Sep 29 13:33:47 PDT 2013; root:xnu-2050.48.12~1/RELEASE_X86_64 x86_64
rlimit: STACK 8192k, CORE 0k, NPROC 709, NOFILE 10240, AS infinity
load average:0.85 0.59 0.59

CPU:total 4 (2 cores per cpu, 2 threads per core) family 6 model 69 stepping 1, cmov, cx8, fxsr, mmx, sse, sse2, sse3, ssse3, sse4.1, sse4.2, popcnt, avx, avx2, aes, erms, ht, tsc, tscinvbit

Memory: 4k page, physical 8388608k(2097152k free)

/proc/meminfo:


vm_info: Java HotSpot(TM) 64-Bit Server VM (24.60-b09) for bsd-amd64 JRE (1.7.0_60-ea-b07), built on Feb 19 2014 11:10:03 by "java_re" with gcc 4.2.1 (Based on Apple Inc. build 5658) (LLVM build 2336.11.00)

time: Fri Mar  7 22:16:07 2014
elapsed time: 0 seconds

