#
# A fatal error has been detected by the Java Runtime Environment:
#
#  SIGSEGV (0xb) at pc=0x0000000196485cd5, pid=3985, tid=1799
#
# JRE version: Java(TM) SE Runtime Environment (7.0_60-b07) (build 1.7.0_60-ea-b07)
# Java VM: Java HotSpot(TM) 64-Bit Server VM (24.60-b09 mixed mode bsd-amd64 compressed oops)
# Problematic frame:
# C  [liblwawt.dylib+0xdcd5]  JNI_OnLoad+0x8f
#
# Failed to write core dump. Core dumps have been disabled. To enable core dumping, try "ulimit -c unlimited" before starting Java again
#
# If you would like to submit a bug report, please visit:
#   http://bugreport.sun.com/bugreport/crash.jsp
# The crash happened outside the Java Virtual Machine in native code.
# See problematic frame for where to report the bug.
#

---------------  T H R E A D  ---------------

Current thread (0x00007fcf85807800):  JavaThread "main" [_thread_in_native, id=1799, stack(0x00007fff58dfe000,0x00007fff595fe000)]

siginfo:si_signo=SIGSEGV: si_errno=0, si_code=1 (SEGV_MAPERR), si_addr=0x0000000000000000

Registers:
RAX=0x00000001965c71d0, RBX=0x0000000000000000, RCX=0x00000001964c19ba, RDX=0x00007fcf84900f70
RSP=0x00007fff595fa6e0, RBP=0x00007fff595fa760, RSI=0x00007fff595fa6c4, RDI=0x0000000000000000
R8 =0x00007fcf84900fe8, R9 =0x00000000fffffff0, R10=0x00000001966beb90, R11=0x00000001966aa860
R12=0x00007fcf8481ede0, R13=0x0000000196485c46, R14=0x0000000106e992f8, R15=0x00007fcf8481ec70
RIP=0x0000000196485cd5, EFLAGS=0x0000000000010206, ERR=0x0000000000000004
  TRAPNO=0x000000000000000e

Top of Stack: (sp=0x00007fff595fa6e0)
0x00007fff595fa6e0:   00007fff7925b200 0000000000000000
0x00007fff595fa6f0:   00007fff595fa730 00007fff9191c165
0x00007fff595fa700:   000000019650251e 000120688481f3b0
0x00007fff595fa710:   0000980000009800 0000000196485c46
0x00007fff595fa720:   00000001073bc46a 00007fcf8481ec70
0x00007fff595fa730:   00007fff595fa760 00007fff8f8d7e82
0x00007fff595fa740:   8cb37c9119f89e94 00007fff595fa948
0x00007fff595fa750:   00007fcf858079e8 00007fcf8481ec70
0x00007fff595fa760:   00007fff595fa8c0 00000001073a35c5
0x00007fff595fa770:   00007fcf84804cd8 00007fff595fa940
0x00007fff595fa780:   0000000106e992f8 00000001073bc46a
0x00007fff595fa790:   00007fcf84804cd8 00007fcf84804ce0
0x00007fff595fa7a0:   00007fff595fa850 00000001069de69a
0x00007fff595fa7b0:   00007fff595fa860 0000000164de3918
0x00007fff595fa7c0:   0000000107402383 00000001073ea310
0x00007fff595fa7d0:   0000000100000000 00007fff595fa8c0
0x00007fff595fa7e0:   0000000000000055 00007fff595fa7e8
0x00007fff595fa7f0:   000000010a586f38 00007fff595f0168
0x00007fff595fa800:   000000010a629138 00007fff595fa7b8
0x00007fff595fa810:   00007fff595fa7f9 0000000000000001
0x00007fff595fa820:   00007fff595fa820 000000010a63a3b0
0x00007fff595fa830:   00007fff595fa878 000000010a6413f8
0x00007fff595fa840:   0000000000000000 000000010a63a3c8
0x00007fff595fa850:   0000000000000000 00007fff595fa870
0x00007fff595fa860:   0000000000000000 0000000164de3918
0x00007fff595fa870:   0000000000000000 0000000164c84f40
0x00007fff595fa880:   0000000000000001 0000000000000000
0x00007fff595fa890:   8cb37c9119f89e94 000000010a729808
0x00007fff595fa8a0:   0000000000000000 000000010a729808
0x00007fff595fa8b0:   00007fff595fa948 00007fcf85807800
0x00007fff595fa8c0:   00007fff595fa920 00000001073f7698
0x00007fff595fa8d0:   00007fff595fa930 00000001073eb058 

Instructions: (pc=0x0000000196485cd5)
0x0000000196485cb5:   c0 e8 9d 75 03 00 4c 89 f7 e8 35 6f 03 00 48 c7
0x0000000196485cc5:   45 88 00 00 00 00 48 8b 05 5e 37 06 00 48 8b 38
0x0000000196485cd5:   48 8b 07 48 8d 75 88 ba 04 00 01 00 ff 50 30 85
0x0000000196485ce5:   c0 75 07 48 83 7d 88 00 75 51 48 8b 35 22 b9 06 

Register to memory mapping:

RAX=0x00000001965c71d0: jvm+0 in /Library/Java/JavaVirtualMachines/jdk1.7.0_60.jdk/Contents/Home/jre/lib/./libawt.dylib at 0x000000019652c000
RBX=0x0000000000000000 is an unknown value
RCX=0x00000001964c19ba: sDefaultImageInfo+0x2d5a in /Library/Java/JavaVirtualMachines/jdk1.7.0_60.jdk/Contents/Home/jre/lib/lwawt/liblwawt.dylib at 0x0000000196478000
RDX=0x00007fcf84900f70 is an unknown value
RSP=0x00007fff595fa6e0 is pointing into the stack for thread: 0x00007fcf85807800
RBP=0x00007fff595fa760 is pointing into the stack for thread: 0x00007fcf85807800
RSI=0x00007fff595fa6c4 is pointing into the stack for thread: 0x00007fcf85807800
RDI=0x0000000000000000 is an unknown value
R8 =0x00007fcf84900fe8 is an unknown value
R9 =0x00000000fffffff0 is an unknown value
R10=0x00000001966beb90: appKitEnv+0x19a0 in /Library/Java/JavaVirtualMachines/jdk1.7.0_60.jdk/Contents/Home/jre/lib/./libosxapp.dylib at 0x00000001966a7000
R11=0x00000001966aa860: OSXAPP_SetJavaVM+0 in /Library/Java/JavaVirtualMachines/jdk1.7.0_60.jdk/Contents/Home/jre/lib/./libosxapp.dylib at 0x00000001966a7000
R12=0x00007fcf8481ede0 is an unknown value
R13=0x0000000196485c46: JNI_OnLoad+0 in /Library/Java/JavaVirtualMachines/jdk1.7.0_60.jdk/Contents/Home/jre/lib/lwawt/liblwawt.dylib at 0x0000000196478000
R14=0x0000000106e992f8: main_vm+0 in /Library/Java/JavaVirtualMachines/jdk1.7.0_60.jdk/Contents/Home/jre/lib/server/libjvm.dylib at 0x000000010672f000
R15=0x00007fcf8481ec70 is an unknown value


Stack: [0x00007fff58dfe000,0x00007fff595fe000],  sp=0x00007fff595fa6e0,  free space=8177k
Native frames: (J=compiled Java code, j=interpreted, Vv=VM code, C=native code)
C  [liblwawt.dylib+0xdcd5]  JNI_OnLoad+0x8f
C  [libjava.dylib+0x15c5]  Java_java_lang_ClassLoader_00024NativeLibrary_load+0xcf
j  java.lang.ClassLoader$NativeLibrary.load(Ljava/lang/String;)V+0
j  java.lang.ClassLoader.loadLibrary1(Ljava/lang/Class;Ljava/io/File;)Z+302
j  java.lang.ClassLoader.loadLibrary0(Ljava/lang/Class;Ljava/io/File;)Z+2
j  java.lang.ClassLoader.loadLibrary(Ljava/lang/Class;Ljava/lang/String;Z)V+217
j  java.lang.Runtime.loadLibrary0(Ljava/lang/Class;Ljava/lang/String;)V+54
j  java.lang.System.loadLibrary(Ljava/lang/String;)V+7
j  com.taskpad.launcher.TaskPadMain.main([Ljava/lang/String;)V+2
v  ~StubRoutines::call_stub
V  [libjvm.dylib+0x2d9bf0]  JavaCalls::call_helper(JavaValue*, methodHandle*, JavaCallArguments*, Thread*)+0x22a
V  [libjvm.dylib+0x2d99c0]  JavaCalls::call(JavaValue*, methodHandle, JavaCallArguments*, Thread*)+0x28
V  [libjvm.dylib+0x30d12a]  jni_invoke_static(JNIEnv_*, JavaValue*, _jobject*, JNICallType, _jmethodID*, JNI_ArgumentPusher*, Thread*)+0xe6
V  [libjvm.dylib+0x3062c5]  jni_CallStaticVoidMethod+0x10b
C  [java+0x30fe]  JavaMain+0x91d
C  [java+0x652c]  -[JavaLaunchHelper launchJava:]+0x2a
C  [Foundation+0x935ca]  __NSThreadPerformPerform+0xe1
C  [CoreFoundation+0x12b31]  __CFRUNLOOP_IS_CALLING_OUT_TO_A_SOURCE0_PERFORM_FUNCTION__+0x11
C  [CoreFoundation+0x12455]  __CFRunLoopDoSources0+0xf5
C  [CoreFoundation+0x357f5]  __CFRunLoopRun+0x315
C  [CoreFoundation+0x350e2]  CFRunLoopRunSpecific+0x122
C  [java+0x73b0]  CreateExecutionEnvironment+0x367
C  [java+0x1b5c]  JLI_Launch+0x7a0
C  [java+0x770d]  main+0x65
C  [java+0x13b4]  start+0x34

Java frames: (J=compiled Java code, j=interpreted, Vv=VM code)
j  java.lang.ClassLoader$NativeLibrary.load(Ljava/lang/String;)V+0
j  java.lang.ClassLoader.loadLibrary1(Ljava/lang/Class;Ljava/io/File;)Z+302
j  java.lang.ClassLoader.loadLibrary0(Ljava/lang/Class;Ljava/io/File;)Z+2
j  java.lang.ClassLoader.loadLibrary(Ljava/lang/Class;Ljava/lang/String;Z)V+217
j  java.lang.Runtime.loadLibrary0(Ljava/lang/Class;Ljava/lang/String;)V+54
j  java.lang.System.loadLibrary(Ljava/lang/String;)V+7
j  com.taskpad.launcher.TaskPadMain.main([Ljava/lang/String;)V+2
v  ~StubRoutines::call_stub

---------------  P R O C E S S  ---------------

Java Threads: ( => current thread )
  0x00007fcf85836800 JavaThread "Service Thread" daemon [_thread_blocked, id=18947, stack(0x000000019622a000,0x000000019632a000)]
  0x00007fcf85835800 JavaThread "C2 CompilerThread1" daemon [_thread_blocked, id=18435, stack(0x0000000196127000,0x0000000196227000)]
  0x00007fcf85823000 JavaThread "C2 CompilerThread0" daemon [_thread_blocked, id=17923, stack(0x0000000196024000,0x0000000196124000)]
  0x00007fcf85830800 JavaThread "Signal Dispatcher" daemon [_thread_blocked, id=17411, stack(0x0000000195f21000,0x0000000196021000)]
  0x00007fcf85820800 JavaThread "Finalizer" daemon [_thread_blocked, id=14851, stack(0x0000000195dd8000,0x0000000195ed8000)]
  0x00007fcf85820000 JavaThread "Reference Handler" daemon [_thread_blocked, id=14339, stack(0x0000000195cd5000,0x0000000195dd5000)]
=>0x00007fcf85807800 JavaThread "main" [_thread_in_native, id=1799, stack(0x00007fff58dfe000,0x00007fff595fe000)]

Other Threads:
  0x00007fcf8581d000 VMThread [stack: 0x0000000195bd2000,0x0000000195cd2000] [id=13827]
  0x00007fcf85822800 WatcherThread [stack: 0x000000019632d000,0x000000019642d000] [id=19459]

VM state:not at safepoint (normal execution)

VM Mutex/Monitor currently owned by a thread: None

Heap
 PSYoungGen      total 38912K, used 2051K [0x0000000164c80000, 0x0000000167780000, 0x000000018f780000)
  eden space 33792K, 6% used [0x0000000164c80000,0x0000000164e80f50,0x0000000166d80000)
  from space 5120K, 0% used [0x0000000167280000,0x0000000167280000,0x0000000167780000)
  to   space 5120K, 0% used [0x0000000166d80000,0x0000000166d80000,0x0000000167280000)
 ParOldGen       total 87040K, used 0K [0x000000010f780000, 0x0000000114c80000, 0x0000000164c80000)
  object space 87040K, 0% used [0x000000010f780000,0x000000010f780000,0x0000000114c80000)
 PSPermGen       total 21504K, used 2588K [0x000000010a580000, 0x000000010ba80000, 0x000000010f780000)
  object space 21504K, 12% used [0x000000010a580000,0x000000010a8072f8,0x000000010ba80000)

Card table byte_map: [0x000000018f780000,0x000000018fbaa000] byte_map_base: 0x000000018ef2d400

Polling page: 0x00000001073d2000

Code Cache  [0x00000001073e5000, 0x0000000107655000, 0x000000010a3e5000)
 total_blobs=184 nmethods=3 adapters=136 free_code_cache=48765Kb largest_free_block=49920320

Compilation events (6 events):
Event: 0.075 Thread 0x00007fcf85823000    1             java.lang.String::hashCode (55 bytes)
Event: 0.084 Thread 0x00007fcf85823000 nmethod 1 0x00000001074441d0 code [0x0000000107444320, 0x0000000107444498]
Event: 0.090 Thread 0x00007fcf85835800    2             java.lang.String::indexOf (70 bytes)
Event: 0.092 Thread 0x00007fcf85835800 nmethod 2 0x0000000107443dd0 code [0x0000000107443f20, 0x00000001074440c8]
Event: 0.092 Thread 0x00007fcf85823000    3             sun.nio.cs.UTF_8$Encoder::encode (361 bytes)
Event: 0.109 Thread 0x00007fcf85823000 nmethod 3 0x0000000107446a90 code [0x0000000107446c20, 0x0000000107447378]

GC Heap History (0 events):
No events

Deoptimization events (0 events):
No events

Internal exceptions (10 events):
Event: 0.092 Thread 0x00007fcf85807800 Threw 0x0000000164d1fc10 at /HUDSON/workspace/jdk7u40-2-build-macosx-amd64-product/jdk7u40/hotspot/src/share/vm/prims/jni.cpp:717
Event: 0.092 Thread 0x00007fcf85807800 Threw 0x0000000164d1fd30 at /HUDSON/workspace/jdk7u40-2-build-macosx-amd64-product/jdk7u40/hotspot/src/share/vm/prims/jvm.cpp:1244
Event: 0.092 Thread 0x00007fcf85807800 Threw 0x0000000164d1fe58 at /HUDSON/workspace/jdk7u40-2-build-macosx-amd64-product/jdk7u40/hotspot/src/share/vm/prims/jvm.cpp:1244
Event: 0.093 Thread 0x00007fcf85807800 Threw 0x0000000164d20b18 at /HUDSON/workspace/jdk7u40-2-build-macosx-amd64-product/jdk7u40/hotspot/src/share/vm/prims/jni.cpp:717
Event: 0.093 Thread 0x00007fcf85807800 Threw 0x0000000164d20c38 at /HUDSON/workspace/jdk7u40-2-build-macosx-amd64-product/jdk7u40/hotspot/src/share/vm/prims/jvm.cpp:1244
Event: 0.093 Thread 0x00007fcf85807800 Threw 0x0000000164d20d60 at /HUDSON/workspace/jdk7u40-2-build-macosx-amd64-product/jdk7u40/hotspot/src/share/vm/prims/jvm.cpp:1244
Event: 0.096 Thread 0x00007fcf85807800 Threw 0x0000000164ddd2d8 at /HUDSON/workspace/jdk7u40-2-build-macosx-amd64-product/jdk7u40/hotspot/src/share/vm/prims/jni.cpp:717
Event: 0.096 Thread 0x00007fcf85807800 Threw 0x0000000164ddd3f8 at /HUDSON/workspace/jdk7u40-2-build-macosx-amd64-product/jdk7u40/hotspot/src/share/vm/prims/jvm.cpp:1244
Event: 0.096 Thread 0x00007fcf85807800 Threw 0x0000000164ddd520 at /HUDSON/workspace/jdk7u40-2-build-macosx-amd64-product/jdk7u40/hotspot/src/share/vm/prims/jvm.cpp:1244
Event: 0.096 Thread 0x00007fcf85807800 Threw 0x0000000164ddd770 at /HUDSON/workspace/jdk7u40-2-build-macosx-amd64-product/jdk7u40/hotspot/src/share/vm/prims/jvm.cpp:1244

Events (10 events):
Event: 0.099 loading class 0x00007fcf860bb7d0
Event: 0.099 loading class 0x00007fcf860bb7d0 done
Event: 0.099 loading class 0x00007fcf860b93e0
Event: 0.099 loading class 0x00007fcf860b93e0 done
Event: 0.099 loading class 0x00007fcf860b9410
Event: 0.099 loading class 0x00007fcf860b9410 done
Event: 0.099 loading class 0x0000000194966db0
Event: 0.099 loading class 0x0000000194966db0 done
Event: 0.100 loading class 0x000000019494fcd0
Event: 0.100 loading class 0x000000019494fcd0 done


Dynamic libraries:
0x00000000083fb000 	/System/Library/Frameworks/Cocoa.framework/Versions/A/Cocoa
0x00000000083fb000 	/System/Library/Frameworks/Security.framework/Versions/A/Security
0x00000000083fb000 	/System/Library/Frameworks/ApplicationServices.framework/Versions/A/ApplicationServices
0x00000000083fb000 	/usr/lib/libz.1.dylib
0x00000000083fb000 	/usr/lib/libSystem.B.dylib
0x00000000083fb000 	/usr/lib/libobjc.A.dylib
0x00000000083fb000 	/System/Library/Frameworks/CoreFoundation.framework/Versions/A/CoreFoundation
0x00000000083fb000 	/System/Library/Frameworks/Foundation.framework/Versions/C/Foundation
0x00000000083fb000 	/System/Library/Frameworks/AppKit.framework/Versions/C/AppKit
0x00000000083fb000 	/System/Library/Frameworks/CoreData.framework/Versions/A/CoreData
0x00000000083fb000 	/System/Library/PrivateFrameworks/RemoteViewServices.framework/Versions/A/RemoteViewServices
0x00000000083fb000 	/System/Library/Frameworks/AudioToolbox.framework/Versions/A/AudioToolbox
0x00000000083fb000 	/System/Library/Frameworks/AudioUnit.framework/Versions/A/AudioUnit
0x00000000083fb000 	/System/Library/PrivateFrameworks/DataDetectorsCore.framework/Versions/A/DataDetectorsCore
0x00000000083fb000 	/System/Library/PrivateFrameworks/DesktopServicesPriv.framework/Versions/A/DesktopServicesPriv
0x00000000083fb000 	/System/Library/Frameworks/Carbon.framework/Versions/A/Frameworks/HIToolbox.framework/Versions/A/HIToolbox
0x00000000083fb000 	/System/Library/Frameworks/QuartzCore.framework/Versions/A/QuartzCore
0x00000000083fb000 	/System/Library/Frameworks/Carbon.framework/Versions/A/Frameworks/SpeechRecognition.framework/Versions/A/SpeechRecognition
0x00000000083fb000 	/usr/lib/libauto.dylib
0x00000000083fb000 	/usr/lib/libicucore.A.dylib
0x00000000083fb000 	/usr/lib/libxml2.2.dylib
0x00000000083fb000 	/System/Library/PrivateFrameworks/CoreUI.framework/Versions/A/CoreUI
0x00000000083fb000 	/System/Library/Frameworks/CoreAudio.framework/Versions/A/CoreAudio
0x00000000083fb000 	/System/Library/Frameworks/DiskArbitration.framework/Versions/A/DiskArbitration
0x00000000083fb000 	/usr/lib/liblangid.dylib
0x00000000083fb000 	/System/Library/PrivateFrameworks/MultitouchSupport.framework/Versions/A/MultitouchSupport
0x00000000083fb000 	/System/Library/Frameworks/IOKit.framework/Versions/A/IOKit
0x00000000083fb000 	/usr/lib/libDiagnosticMessagesClient.dylib
0x00000000083fb000 	/System/Library/Frameworks/CoreServices.framework/Versions/A/CoreServices
0x00000000083fb000 	/System/Library/PrivateFrameworks/PerformanceAnalysis.framework/Versions/A/PerformanceAnalysis
0x00000000083fb000 	/System/Library/PrivateFrameworks/GenerationalStorage.framework/Versions/A/GenerationalStorage
0x00000000083fb000 	/System/Library/Frameworks/OpenGL.framework/Versions/A/OpenGL
0x00000000083fb000 	/System/Library/Frameworks/CoreText.framework/Versions/A/CoreText
0x00000000083fb000 	/System/Library/Frameworks/ImageIO.framework/Versions/A/ImageIO
0x00000000083fb000 	/System/Library/PrivateFrameworks/Backup.framework/Versions/A/Backup
0x00000000083fb000 	/System/Library/Frameworks/CFNetwork.framework/Versions/A/CFNetwork
0x00000000083fb000 	/System/Library/Frameworks/SystemConfiguration.framework/Versions/A/SystemConfiguration
0x00000000083fb000 	/usr/lib/libCRFSuite.dylib
0x00000000083fb000 	/System/Library/PrivateFrameworks/TCC.framework/Versions/A/TCC
0x00000000083fb000 	/usr/lib/libc++.1.dylib
0x00000000083fb000 	/usr/lib/libc++abi.dylib
0x00000000083fb000 	/usr/lib/system/libcache.dylib
0x00000000083fb000 	/usr/lib/system/libcommonCrypto.dylib
0x00000000083fb000 	/usr/lib/system/libcompiler_rt.dylib
0x00000000083fb000 	/usr/lib/system/libcopyfile.dylib
0x00000000083fb000 	/usr/lib/system/libdispatch.dylib
0x00000000083fb000 	/usr/lib/system/libdnsinfo.dylib
0x00000000083fb000 	/usr/lib/system/libdyld.dylib
0x00000000083fb000 	/usr/lib/system/libkeymgr.dylib
0x00000000083fb000 	/usr/lib/system/liblaunch.dylib
0x00000000083fb000 	/usr/lib/system/libmacho.dylib
0x00000000083fb000 	/usr/lib/system/libquarantine.dylib
0x00000000083fb000 	/usr/lib/system/libremovefile.dylib
0x00000000083fb000 	/usr/lib/system/libsystem_blocks.dylib
0x00000000083fb000 	/usr/lib/system/libsystem_c.dylib
0x00000000083fb000 	/usr/lib/system/libsystem_dnssd.dylib
0x00000000083fb000 	/usr/lib/system/libsystem_info.dylib
0x00000000083fb000 	/usr/lib/system/libsystem_kernel.dylib
0x00000000083fb000 	/usr/lib/system/libsystem_m.dylib
0x00000000083fb000 	/usr/lib/system/libsystem_network.dylib
0x00000000083fb000 	/usr/lib/system/libsystem_notify.dylib
0x00000000083fb000 	/usr/lib/system/libsystem_sandbox.dylib
0x00000000083fb000 	/usr/lib/system/libunc.dylib
0x00000000083fb000 	/usr/lib/system/libunwind.dylib
0x00000000083fb000 	/usr/lib/system/libxpc.dylib
0x00000000083fb000 	/usr/lib/system/libcorecrypto.dylib
0x00000000083fb000 	/usr/lib/libstdc++.6.dylib
0x00000000083fb000 	/usr/lib/libbsm.0.dylib
0x00000000083fb000 	/usr/lib/libsqlite3.dylib
0x00000000083fb000 	/usr/lib/libxar.1.dylib
0x00000000083fb000 	/usr/lib/libpam.2.dylib
0x00000000083fb000 	/usr/lib/libOpenScriptingUtil.dylib
0x00000000083fb000 	/usr/lib/libbz2.1.0.dylib
0x00000000083fb000 	/System/Library/Frameworks/CoreServices.framework/Versions/A/Frameworks/CarbonCore.framework/Versions/A/CarbonCore
0x00000000083fb000 	/System/Library/Frameworks/CoreServices.framework/Versions/A/Frameworks/Metadata.framework/Versions/A/Metadata
0x00000000083fb000 	/System/Library/Frameworks/CoreServices.framework/Versions/A/Frameworks/OSServices.framework/Versions/A/OSServices
0x00000000083fb000 	/System/Library/Frameworks/CoreServices.framework/Versions/A/Frameworks/SearchKit.framework/Versions/A/SearchKit
0x00000000083fb000 	/System/Library/Frameworks/CoreServices.framework/Versions/A/Frameworks/AE.framework/Versions/A/AE
0x00000000083fb000 	/System/Library/Frameworks/CoreServices.framework/Versions/A/Frameworks/LaunchServices.framework/Versions/A/LaunchServices
0x00000000083fb000 	/System/Library/Frameworks/CoreServices.framework/Versions/A/Frameworks/DictionaryServices.framework/Versions/A/DictionaryServices
0x00000000083fb000 	/System/Library/Frameworks/NetFS.framework/Versions/A/NetFS
0x00000000083fb000 	/usr/lib/system/libkxld.dylib
0x00000000083fb000 	/System/Library/PrivateFrameworks/NetAuth.framework/Versions/A/NetAuth
0x00000000083fb000 	/System/Library/Frameworks/OpenDirectory.framework/Versions/A/Frameworks/CFOpenDirectory.framework/Versions/A/CFOpenDirectory
0x00000000083fb000 	/usr/lib/libxslt.1.dylib
0x00000000083fb000 	/System/Library/PrivateFrameworks/FamilyControls.framework/Versions/A/FamilyControls
0x00000000083fb000 	/System/Library/Frameworks/Carbon.framework/Versions/A/Frameworks/Ink.framework/Versions/A/Ink
0x00000000083fb000 	/System/Library/Frameworks/ApplicationServices.framework/Versions/A/Frameworks/CoreGraphics.framework/Versions/A/CoreGraphics
0x00000000083fb000 	/System/Library/Frameworks/ApplicationServices.framework/Versions/A/Frameworks/ATS.framework/Versions/A/ATS
0x00000000083fb000 	/System/Library/Frameworks/ApplicationServices.framework/Versions/A/Frameworks/ColorSync.framework/Versions/A/ColorSync
0x00000000083fb000 	/System/Library/Frameworks/ApplicationServices.framework/Versions/A/Frameworks/HIServices.framework/Versions/A/HIServices
0x00000000083fb000 	/System/Library/Frameworks/ApplicationServices.framework/Versions/A/Frameworks/LangAnalysis.framework/Versions/A/LangAnalysis
0x00000000083fb000 	/System/Library/Frameworks/ApplicationServices.framework/Versions/A/Frameworks/PrintCore.framework/Versions/A/PrintCore
0x00000000083fb000 	/System/Library/Frameworks/ApplicationServices.framework/Versions/A/Frameworks/QD.framework/Versions/A/QD
0x00000000083fb000 	/System/Library/Frameworks/ApplicationServices.framework/Versions/A/Frameworks/SpeechSynthesis.framework/Versions/A/SpeechSynthesis
0x00000000083fb000 	/System/Library/Frameworks/IOSurface.framework/Versions/A/IOSurface
0x00000000083fb000 	/System/Library/Frameworks/Accelerate.framework/Versions/A/Accelerate
0x00000000083fb000 	/System/Library/Frameworks/ApplicationServices.framework/Versions/A/Frameworks/ATS.framework/Versions/A/Resources/libFontParser.dylib
0x00000000083fb000 	/System/Library/Frameworks/ApplicationServices.framework/Versions/A/Frameworks/ATS.framework/Versions/A/Resources/libFontRegistry.dylib
0x00000000083fb000 	/System/Library/Frameworks/Accelerate.framework/Versions/A/Frameworks/vImage.framework/Versions/A/vImage
0x00000000083fb000 	/System/Library/Frameworks/Accelerate.framework/Versions/A/Frameworks/vecLib.framework/Versions/A/vecLib
0x00000000083fb000 	/System/Library/Frameworks/Accelerate.framework/Versions/A/Frameworks/vecLib.framework/Versions/A/libvDSP.dylib
0x00000000083fb000 	/System/Library/Frameworks/Accelerate.framework/Versions/A/Frameworks/vecLib.framework/Versions/A/libvMisc.dylib
0x00000000083fb000 	/System/Library/Frameworks/Accelerate.framework/Versions/A/Frameworks/vecLib.framework/Versions/A/libLAPACK.dylib
0x00000000083fb000 	/System/Library/Frameworks/Accelerate.framework/Versions/A/Frameworks/vecLib.framework/Versions/A/libBLAS.dylib
0x00000000083fb000 	/System/Library/Frameworks/ImageIO.framework/Versions/A/Resources/libJPEG.dylib
0x00000000083fb000 	/System/Library/Frameworks/ImageIO.framework/Versions/A/Resources/libTIFF.dylib
0x00000000083fb000 	/System/Library/Frameworks/ImageIO.framework/Versions/A/Resources/libPng.dylib
0x00000000083fb000 	/System/Library/Frameworks/ImageIO.framework/Versions/A/Resources/libGIF.dylib
0x00000000083fb000 	/System/Library/Frameworks/ImageIO.framework/Versions/A/Resources/libJP2.dylib
0x00000000083fb000 	/System/Library/Frameworks/ImageIO.framework/Versions/A/Resources/libRadiance.dylib
0x00000000083fb000 	/usr/lib/libcups.2.dylib
0x00000000083fb000 	/System/Library/Frameworks/Kerberos.framework/Versions/A/Kerberos
0x00000000083fb000 	/System/Library/Frameworks/GSS.framework/Versions/A/GSS
0x00000000083fb000 	/usr/lib/libresolv.9.dylib
0x00000000083fb000 	/usr/lib/libiconv.2.dylib
0x00000000083fb000 	/System/Library/PrivateFrameworks/Heimdal.framework/Versions/A/Heimdal
0x00000000083fb000 	/System/Library/PrivateFrameworks/TrustEvaluationAgent.framework/Versions/A/TrustEvaluationAgent
0x00000000083fb000 	/System/Library/Frameworks/OpenDirectory.framework/Versions/A/OpenDirectory
0x00000000083fb000 	/System/Library/PrivateFrameworks/CommonAuth.framework/Versions/A/CommonAuth
0x00000000083fb000 	/System/Library/PrivateFrameworks/Bom.framework/Versions/A/Bom
0x00000000083fb000 	/System/Library/Frameworks/CoreVideo.framework/Versions/A/CoreVideo
0x00000000083fb000 	/System/Library/Frameworks/QuartzCore.framework/Versions/A/Frameworks/CoreImage.framework/Versions/A/CoreImage
0x00000000083fb000 	/System/Library/Frameworks/QuartzCore.framework/Versions/A/Frameworks/ScalableUserInterface.framework/Versions/A/ScalableUserInterface
0x00000000083fb000 	/System/Library/Frameworks/OpenGL.framework/Versions/A/Libraries/libGLU.dylib
0x00000000083fb000 	/System/Library/Frameworks/OpenGL.framework/Versions/A/Libraries/libGFXShared.dylib
0x00000000083fb000 	/System/Library/Frameworks/OpenGL.framework/Versions/A/Libraries/libGL.dylib
0x00000000083fb000 	/System/Library/Frameworks/OpenGL.framework/Versions/A/Libraries/libGLImage.dylib
0x00000000083fb000 	/System/Library/Frameworks/OpenGL.framework/Versions/A/Libraries/libCVMSPluginSupport.dylib
0x00000000083fb000 	/System/Library/Frameworks/OpenGL.framework/Versions/A/Libraries/libCoreVMClient.dylib
0x00000000083fb000 	/System/Library/PrivateFrameworks/CrashReporterSupport.framework/Versions/A/CrashReporterSupport
0x00000000083fb000 	/System/Library/Frameworks/OpenCL.framework/Versions/A/OpenCL
0x00000000083fb000 	/System/Library/PrivateFrameworks/FaceCoreLight.framework/Versions/A/FaceCoreLight
0x00000000083fb000 	/System/Library/PrivateFrameworks/AppleFSCompression.framework/Versions/A/AppleFSCompression
0x00000000083fb000 	/System/Library/PrivateFrameworks/Ubiquity.framework/Versions/A/Ubiquity
0x00000000083fb000 	/System/Library/Frameworks/ServiceManagement.framework/Versions/A/ServiceManagement
0x00000000083fb000 	/System/Library/PrivateFrameworks/ChunkingLibrary.framework/Versions/A/ChunkingLibrary
0x00000000083fb000 	/System/Library/Frameworks/vecLib.framework/Versions/A/vecLib
0x00000000083fb000 	/System/Library/Frameworks/SecurityFoundation.framework/Versions/A/SecurityFoundation
0x00000000083fb000 	/System/Library/PrivateFrameworks/CommerceKit.framework/Versions/A/Frameworks/CommerceCore.framework/Versions/A/CommerceCore
0x00000000083fb000 	/System/Library/PrivateFrameworks/CoreSymbolication.framework/Versions/A/CoreSymbolication
0x00000000083fb000 	/System/Library/PrivateFrameworks/Symbolication.framework/Versions/A/Symbolication
0x00000000083fb000 	/System/Library/PrivateFrameworks/DebugSymbols.framework/Versions/A/DebugSymbols
0x000000010672f000 	/Library/Java/JavaVirtualMachines/jdk1.7.0_60.jdk/Contents/Home/jre/lib/server/libjvm.dylib
0x0000000107395000 	/Library/Java/JavaVirtualMachines/jdk1.7.0_60.jdk/Contents/Home/jre/lib/libverify.dylib
0x00000001073a2000 	/Library/Java/JavaVirtualMachines/jdk1.7.0_60.jdk/Contents/Home/jre/lib/libjava.dylib
0x00000001073dc000 	/Library/Java/JavaVirtualMachines/jdk1.7.0_60.jdk/Contents/Home/jre/lib/libzip.dylib
0x0000000195eda000 	/System/Library/Frameworks/JavaVM.framework/Frameworks/JavaRuntimeSupport.framework/JavaRuntimeSupport
0x0000000195ef2000 	/System/Library/Frameworks/JavaVM.framework/Versions/A/Frameworks/JavaNativeFoundation.framework/Versions/A/JavaNativeFoundation
0x0000000195f07000 	/System/Library/Frameworks/JavaVM.framework/Versions/A/JavaVM
0x00000000083fb000 	/System/Library/Frameworks/Carbon.framework/Versions/A/Carbon
0x0000000195f14000 	/System/Library/PrivateFrameworks/JavaLaunching.framework/Versions/A/JavaLaunching
0x00000000083fb000 	/System/Library/Frameworks/Carbon.framework/Versions/A/Frameworks/CommonPanels.framework/Versions/A/CommonPanels
0x00000000083fb000 	/System/Library/Frameworks/Carbon.framework/Versions/A/Frameworks/Help.framework/Versions/A/Help
0x00000000083fb000 	/System/Library/Frameworks/Carbon.framework/Versions/A/Frameworks/ImageCapture.framework/Versions/A/ImageCapture
0x00000000083fb000 	/System/Library/Frameworks/Carbon.framework/Versions/A/Frameworks/OpenScripting.framework/Versions/A/OpenScripting
0x00000000083fb000 	/System/Library/Frameworks/Carbon.framework/Versions/A/Frameworks/Print.framework/Versions/A/Print
0x00000000083fb000 	/System/Library/Frameworks/Carbon.framework/Versions/A/Frameworks/SecurityHI.framework/Versions/A/SecurityHI
0x0000000196475000 	/Library/Java/JavaVirtualMachines/jdk1.7.0_60.jdk/Contents/Home/jre/lib/libjawt.dylib
0x0000000196478000 	/Library/Java/JavaVirtualMachines/jdk1.7.0_60.jdk/Contents/Home/jre/lib/lwawt/liblwawt.dylib
0x000000019652c000 	/Library/Java/JavaVirtualMachines/jdk1.7.0_60.jdk/Contents/Home/jre/lib/./libawt.dylib
0x00000001965db000 	/Library/Java/JavaVirtualMachines/jdk1.7.0_60.jdk/Contents/Home/jre/lib/./libmlib_image.dylib
0x00000001966a7000 	/Library/Java/JavaVirtualMachines/jdk1.7.0_60.jdk/Contents/Home/jre/lib/./libosxapp.dylib
0x00000001966c1000 	/System/Library/Frameworks/ExceptionHandling.framework/Versions/A/ExceptionHandling

VM Arguments:
jvm_args: -Dfile.encoding=US-ASCII 
java_command: com.taskpad.launcher.TaskPadMain
Launcher Type: SUN_STANDARD

Environment Variables:
PATH=/usr/bin:/bin:/usr/sbin:/sbin
SHELL=/bin/bash

Signal Handlers:
SIGSEGV: [libjvm.dylib+0x528ced], sa_mask[0]=0xfffefeff, sa_flags=0x00000043
SIGBUS: [libjvm.dylib+0x528ced], sa_mask[0]=0xfffefeff, sa_flags=0x00000042
SIGFPE: [libjvm.dylib+0x41ba0a], sa_mask[0]=0xfffefeff, sa_flags=0x00000042
SIGPIPE: [libjvm.dylib+0x41ba0a], sa_mask[0]=0xfffefeff, sa_flags=0x00000042
SIGXFSZ: [libjvm.dylib+0x41ba0a], sa_mask[0]=0xfffefeff, sa_flags=0x00000042
SIGILL: [libjvm.dylib+0x41ba0a], sa_mask[0]=0xfffefeff, sa_flags=0x00000042
SIGUSR1: SIG_DFL, sa_mask[0]=0x00000000, sa_flags=0x00000002
SIGUSR2: [libjvm.dylib+0x41b4fc], sa_mask[0]=0x00000004, sa_flags=0x00000042
SIGHUP: [libjvm.dylib+0x41978b], sa_mask[0]=0xfffefeff, sa_flags=0x00000042
SIGINT: [libjvm.dylib+0x41978b], sa_mask[0]=0xfffefeff, sa_flags=0x00000042
SIGTERM: [libjvm.dylib+0x41978b], sa_mask[0]=0xfffefeff, sa_flags=0x00000042
SIGQUIT: [libjvm.dylib+0x41978b], sa_mask[0]=0xfffefeff, sa_flags=0x00000042


---------------  S Y S T E M  ---------------

OS:Bsduname:Darwin 12.5.0 Darwin Kernel Version 12.5.0: Sun Sep 29 13:33:47 PDT 2013; root:xnu-2050.48.12~1/RELEASE_X86_64 x86_64
rlimit: STACK 8192k, CORE 0k, NPROC 709, NOFILE 10240, AS infinity
load average:0.35 0.52 0.58

CPU:total 4 (2 cores per cpu, 2 threads per core) family 6 model 69 stepping 1, cmov, cx8, fxsr, mmx, sse, sse2, sse3, ssse3, sse4.1, sse4.2, popcnt, avx, avx2, aes, erms, ht, tsc, tscinvbit

Memory: 4k page, physical 8388608k(2097152k free)

/proc/meminfo:


vm_info: Java HotSpot(TM) 64-Bit Server VM (24.60-b09) for bsd-amd64 JRE (1.7.0_60-ea-b07), built on Feb 19 2014 11:10:03 by "java_re" with gcc 4.2.1 (Based on Apple Inc. build 5658) (LLVM build 2336.11.00)

time: Fri Mar  7 22:14:35 2014
elapsed time: 0 seconds

